{"C:\\Git\\Fullstackopen-bloglist-frontend\\src\\App.jsx": {"path":"C:\\Git\\Fullstackopen-bloglist-frontend\\src\\App.jsx","statementMap":{"0":{"start":{"line":9,"column":12},"end":{"line":57,"column":1}},"1":{"start":{"line":10,"column":34},"end":{"line":10,"column":46}},"2":{"start":{"line":11,"column":34},"end":{"line":11,"column":46}},"3":{"start":{"line":12,"column":26},"end":{"line":12,"column":40}},"4":{"start":{"line":13,"column":32},"end":{"line":13,"column":44}},"5":{"start":{"line":16,"column":2},"end":{"line":23,"column":8}},"6":{"start":{"line":17,"column":27},"end":{"line":17,"column":76}},"7":{"start":{"line":18,"column":4},"end":{"line":22,"column":5}},"8":{"start":{"line":19,"column":19},"end":{"line":19,"column":45}},"9":{"start":{"line":20,"column":6},"end":{"line":20,"column":19}},"10":{"start":{"line":21,"column":6},"end":{"line":21,"column":39}},"11":{"start":{"line":27,"column":2},"end":{"line":56,"column":3}}},"fnMap":{"0":{"name":"(anonymous_0)","decl":{"start":{"line":9,"column":12},"end":{"line":9,"column":13}},"loc":{"start":{"line":9,"column":18},"end":{"line":57,"column":1}},"line":9},"1":{"name":"(anonymous_1)","decl":{"start":{"line":16,"column":12},"end":{"line":16,"column":13}},"loc":{"start":{"line":16,"column":18},"end":{"line":23,"column":3}},"line":16}},"branchMap":{"0":{"loc":{"start":{"line":18,"column":4},"end":{"line":22,"column":5}},"type":"if","locations":[{"start":{"line":18,"column":4},"end":{"line":22,"column":5}},{"start":{},"end":{}}],"line":18},"1":{"loc":{"start":{"line":39,"column":7},"end":{"line":52,"column":10}},"type":"cond-expr","locations":[{"start":{"line":40,"column":10},"end":{"line":49,"column":20}},{"start":{"line":50,"column":10},"end":{"line":52,"column":10}}],"line":39}},"s":{"0":0,"1":0,"2":0,"3":0,"4":0,"5":0,"6":0,"7":0,"8":0,"9":0,"10":0,"11":0},"f":{"0":0,"1":0},"b":{"0":[0,0],"1":[0,0]}}
,"C:\\Git\\Fullstackopen-bloglist-frontend\\src\\main.jsx": {"path":"C:\\Git\\Fullstackopen-bloglist-frontend\\src\\main.jsx","statementMap":{"0":{"start":{"line":4,"column":0},"end":{"line":4,"column":68}}},"fnMap":{},"branchMap":{},"s":{"0":0},"f":{},"b":{}}
,"C:\\Git\\Fullstackopen-bloglist-frontend\\src\\components\\Blog.jsx": {"path":"C:\\Git\\Fullstackopen-bloglist-frontend\\src\\components\\Blog.jsx","statementMap":{"0":{"start":{"line":3,"column":13},"end":{"line":82,"column":1}},"1":{"start":{"line":5,"column":27},"end":{"line":21,"column":3}},"2":{"start":{"line":7,"column":4},"end":{"line":20,"column":5}},"3":{"start":{"line":8,"column":21},"end":{"line":8,"column":74}},"4":{"start":{"line":10,"column":6},"end":{"line":16,"column":7}},"5":{"start":{"line":11,"column":8},"end":{"line":11,"column":66}},"6":{"start":{"line":12,"column":8},"end":{"line":12,"column":52}},"7":{"start":{"line":12,"column":27},"end":{"line":12,"column":43}},"8":{"start":{"line":14,"column":8},"end":{"line":14,"column":55}},"9":{"start":{"line":15,"column":8},"end":{"line":15,"column":52}},"10":{"start":{"line":15,"column":27},"end":{"line":15,"column":43}},"11":{"start":{"line":18,"column":6},"end":{"line":18,"column":53}},"12":{"start":{"line":19,"column":6},"end":{"line":19,"column":50}},"13":{"start":{"line":19,"column":25},"end":{"line":19,"column":41}},"14":{"start":{"line":23,"column":28},"end":{"line":25,"column":3}},"15":{"start":{"line":24,"column":4},"end":{"line":24,"column":46}},"16":{"start":{"line":27,"column":24},"end":{"line":37,"column":3}},"17":{"start":{"line":28,"column":4},"end":{"line":36,"column":5}},"18":{"start":{"line":29,"column":6},"end":{"line":29,"column":53}},"19":{"start":{"line":31,"column":6},"end":{"line":31,"column":70}},"20":{"start":{"line":32,"column":6},"end":{"line":32,"column":50}},"21":{"start":{"line":32,"column":25},"end":{"line":32,"column":41}},"22":{"start":{"line":34,"column":6},"end":{"line":34,"column":53}},"23":{"start":{"line":35,"column":6},"end":{"line":35,"column":50}},"24":{"start":{"line":35,"column":25},"end":{"line":35,"column":41}},"25":{"start":{"line":41,"column":15},"end":{"line":54,"column":3}},"26":{"start":{"line":56,"column":34},"end":{"line":59,"column":3}},"27":{"start":{"line":60,"column":34},"end":{"line":63,"column":3}},"28":{"start":{"line":65,"column":2},"end":{"line":81,"column":3}}},"fnMap":{"0":{"name":"(anonymous_0)","decl":{"start":{"line":3,"column":13},"end":{"line":3,"column":14}},"loc":{"start":{"line":3,"column":97},"end":{"line":82,"column":1}},"line":3},"1":{"name":"(anonymous_1)","decl":{"start":{"line":5,"column":27},"end":{"line":5,"column":28}},"loc":{"start":{"line":5,"column":39},"end":{"line":21,"column":3}},"line":5},"2":{"name":"(anonymous_2)","decl":{"start":{"line":12,"column":19},"end":{"line":12,"column":20}},"loc":{"start":{"line":12,"column":25},"end":{"line":12,"column":45}},"line":12},"3":{"name":"(anonymous_3)","decl":{"start":{"line":15,"column":19},"end":{"line":15,"column":20}},"loc":{"start":{"line":15,"column":25},"end":{"line":15,"column":45}},"line":15},"4":{"name":"(anonymous_4)","decl":{"start":{"line":19,"column":17},"end":{"line":19,"column":18}},"loc":{"start":{"line":19,"column":23},"end":{"line":19,"column":43}},"line":19},"5":{"name":"(anonymous_5)","decl":{"start":{"line":23,"column":28},"end":{"line":23,"column":29}},"loc":{"start":{"line":23,"column":34},"end":{"line":25,"column":3}},"line":23},"6":{"name":"(anonymous_6)","decl":{"start":{"line":27,"column":24},"end":{"line":27,"column":25}},"loc":{"start":{"line":27,"column":36},"end":{"line":37,"column":3}},"line":27},"7":{"name":"(anonymous_7)","decl":{"start":{"line":32,"column":17},"end":{"line":32,"column":18}},"loc":{"start":{"line":32,"column":23},"end":{"line":32,"column":43}},"line":32},"8":{"name":"(anonymous_8)","decl":{"start":{"line":35,"column":17},"end":{"line":35,"column":18}},"loc":{"start":{"line":35,"column":23},"end":{"line":35,"column":43}},"line":35}},"branchMap":{"0":{"loc":{"start":{"line":10,"column":6},"end":{"line":16,"column":7}},"type":"if","locations":[{"start":{"line":10,"column":6},"end":{"line":16,"column":7}},{"start":{"line":13,"column":13},"end":{"line":16,"column":7}}],"line":10},"1":{"loc":{"start":{"line":57,"column":13},"end":{"line":57,"column":45}},"type":"cond-expr","locations":[{"start":{"line":57,"column":34},"end":{"line":57,"column":36}},{"start":{"line":57,"column":39},"end":{"line":57,"column":45}}],"line":57},"2":{"loc":{"start":{"line":61,"column":13},"end":{"line":61,"column":45}},"type":"cond-expr","locations":[{"start":{"line":61,"column":34},"end":{"line":61,"column":40}},{"start":{"line":61,"column":43},"end":{"line":61,"column":45}}],"line":61}},"s":{"0":1,"1":1,"2":0,"3":0,"4":0,"5":0,"6":0,"7":0,"8":0,"9":0,"10":0,"11":0,"12":0,"13":0,"14":1,"15":0,"16":1,"17":0,"18":0,"19":0,"20":0,"21":0,"22":0,"23":0,"24":0,"25":1,"26":1,"27":1,"28":1},"f":{"0":1,"1":0,"2":0,"3":0,"4":0,"5":0,"6":0,"7":0,"8":0},"b":{"0":[0,0],"1":[0,1],"2":[0,1]},"_coverageSchema":"1a1c01bbd47fc00a2c39e90264f33305004495a9","hash":"4cf71d4e762d66e7fc6283aa877ef87d9af3ba3b"}
,"C:\\Git\\Fullstackopen-bloglist-frontend\\src\\components\\BlogCreate.jsx": {"path":"C:\\Git\\Fullstackopen-bloglist-frontend\\src\\components\\BlogCreate.jsx","statementMap":{"0":{"start":{"line":4,"column":19},"end":{"line":89,"column":1}},"1":{"start":{"line":6,"column":30},"end":{"line":6,"column":42}},"2":{"start":{"line":7,"column":32},"end":{"line":7,"column":44}},"3":{"start":{"line":8,"column":26},"end":{"line":8,"column":38}},"4":{"start":{"line":10,"column":29},"end":{"line":29,"column":5}},"5":{"start":{"line":11,"column":8},"end":{"line":11,"column":30}},"6":{"start":{"line":13,"column":8},"end":{"line":28,"column":9}},"7":{"start":{"line":14,"column":12},"end":{"line":14,"column":53}},"8":{"start":{"line":15,"column":12},"end":{"line":15,"column":70}},"9":{"start":{"line":17,"column":12},"end":{"line":17,"column":24}},"10":{"start":{"line":18,"column":12},"end":{"line":18,"column":25}},"11":{"start":{"line":19,"column":12},"end":{"line":19,"column":22}},"12":{"start":{"line":21,"column":12},"end":{"line":21,"column":51}},"13":{"start":{"line":22,"column":12},"end":{"line":22,"column":56}},"14":{"start":{"line":22,"column":31},"end":{"line":22,"column":47}},"15":{"start":{"line":25,"column":12},"end":{"line":25,"column":34}},"16":{"start":{"line":26,"column":12},"end":{"line":26,"column":59}},"17":{"start":{"line":27,"column":12},"end":{"line":27,"column":56}},"18":{"start":{"line":27,"column":31},"end":{"line":27,"column":47}},"19":{"start":{"line":33,"column":4},"end":{"line":85,"column":5}},"20":{"start":{"line":49,"column":53},"end":{"line":49,"column":81}},"21":{"start":{"line":62,"column":53},"end":{"line":62,"column":82}},"22":{"start":{"line":75,"column":53},"end":{"line":75,"column":79}}},"fnMap":{"0":{"name":"(anonymous_0)","decl":{"start":{"line":4,"column":19},"end":{"line":4,"column":20}},"loc":{"start":{"line":4,"column":70},"end":{"line":89,"column":1}},"line":4},"1":{"name":"(anonymous_1)","decl":{"start":{"line":10,"column":29},"end":{"line":10,"column":30}},"loc":{"start":{"line":10,"column":38},"end":{"line":29,"column":5}},"line":10},"2":{"name":"(anonymous_2)","decl":{"start":{"line":22,"column":23},"end":{"line":22,"column":24}},"loc":{"start":{"line":22,"column":29},"end":{"line":22,"column":49}},"line":22},"3":{"name":"(anonymous_3)","decl":{"start":{"line":27,"column":23},"end":{"line":27,"column":24}},"loc":{"start":{"line":27,"column":29},"end":{"line":27,"column":49}},"line":27},"4":{"name":"(anonymous_4)","decl":{"start":{"line":49,"column":42},"end":{"line":49,"column":43}},"loc":{"start":{"line":49,"column":53},"end":{"line":49,"column":81}},"line":49},"5":{"name":"(anonymous_5)","decl":{"start":{"line":62,"column":42},"end":{"line":62,"column":43}},"loc":{"start":{"line":62,"column":53},"end":{"line":62,"column":82}},"line":62},"6":{"name":"(anonymous_6)","decl":{"start":{"line":75,"column":42},"end":{"line":75,"column":43}},"loc":{"start":{"line":75,"column":53},"end":{"line":75,"column":79}},"line":75}},"branchMap":{},"s":{"0":0,"1":0,"2":0,"3":0,"4":0,"5":0,"6":0,"7":0,"8":0,"9":0,"10":0,"11":0,"12":0,"13":0,"14":0,"15":0,"16":0,"17":0,"18":0,"19":0,"20":0,"21":0,"22":0},"f":{"0":0,"1":0,"2":0,"3":0,"4":0,"5":0,"6":0},"b":{}}
,"C:\\Git\\Fullstackopen-bloglist-frontend\\src\\components\\BlogsList.jsx": {"path":"C:\\Git\\Fullstackopen-bloglist-frontend\\src\\components\\BlogsList.jsx","statementMap":{"0":{"start":{"line":7,"column":18},"end":{"line":60,"column":1}},"1":{"start":{"line":9,"column":30},"end":{"line":9,"column":42}},"2":{"start":{"line":10,"column":40},"end":{"line":10,"column":51}},"3":{"start":{"line":11,"column":56},"end":{"line":11,"column":71}},"4":{"start":{"line":13,"column":27},"end":{"line":13,"column":35}},"5":{"start":{"line":15,"column":4},"end":{"line":22,"column":20}},"6":{"start":{"line":18,"column":8},"end":{"line":20,"column":43}},"7":{"start":{"line":20,"column":27},"end":{"line":20,"column":42}},"8":{"start":{"line":25,"column":22},"end":{"line":35,"column":5}},"9":{"start":{"line":39,"column":4},"end":{"line":59,"column":5}},"10":{"start":{"line":50,"column":20},"end":{"line":56,"column":72}}},"fnMap":{"0":{"name":"(anonymous_0)","decl":{"start":{"line":7,"column":18},"end":{"line":7,"column":19}},"loc":{"start":{"line":7,"column":38},"end":{"line":60,"column":1}},"line":7},"1":{"name":"(anonymous_1)","decl":{"start":{"line":15,"column":14},"end":{"line":15,"column":15}},"loc":{"start":{"line":15,"column":20},"end":{"line":22,"column":5}},"line":15},"2":{"name":"(anonymous_2)","decl":{"start":{"line":20,"column":18},"end":{"line":20,"column":19}},"loc":{"start":{"line":20,"column":27},"end":{"line":20,"column":42}},"line":20},"3":{"name":"(anonymous_3)","decl":{"start":{"line":49,"column":27},"end":{"line":49,"column":28}},"loc":{"start":{"line":50,"column":20},"end":{"line":56,"column":72}},"line":50}},"branchMap":{},"s":{"0":0,"1":0,"2":0,"3":0,"4":0,"5":0,"6":0,"7":0,"8":0,"9":0,"10":0},"f":{"0":0,"1":0,"2":0,"3":0},"b":{}}
,"C:\\Git\\Fullstackopen-bloglist-frontend\\src\\components\\LoginForm.jsx": {"path":"C:\\Git\\Fullstackopen-bloglist-frontend\\src\\components\\LoginForm.jsx","statementMap":{"0":{"start":{"line":5,"column":18},"end":{"line":69,"column":1}},"1":{"start":{"line":7,"column":24},"end":{"line":29,"column":5}},"2":{"start":{"line":8,"column":8},"end":{"line":8,"column":30}},"3":{"start":{"line":10,"column":8},"end":{"line":28,"column":9}},"4":{"start":{"line":11,"column":25},"end":{"line":11,"column":73}},"5":{"start":{"line":13,"column":12},"end":{"line":15,"column":13}},"6":{"start":{"line":17,"column":12},"end":{"line":17,"column":45}},"7":{"start":{"line":19,"column":12},"end":{"line":19,"column":25}},"8":{"start":{"line":21,"column":12},"end":{"line":21,"column":27}},"9":{"start":{"line":22,"column":12},"end":{"line":22,"column":27}},"10":{"start":{"line":25,"column":12},"end":{"line":25,"column":43}},"11":{"start":{"line":26,"column":12},"end":{"line":26,"column":34}},"12":{"start":{"line":27,"column":12},"end":{"line":27,"column":56}},"13":{"start":{"line":27,"column":31},"end":{"line":27,"column":47}},"14":{"start":{"line":32,"column":4},"end":{"line":68,"column":5}},"15":{"start":{"line":46,"column":53},"end":{"line":46,"column":84}},"16":{"start":{"line":59,"column":53},"end":{"line":59,"column":84}},"17":{"start":{"line":71,"column":0},"end":{"line":78,"column":1}}},"fnMap":{"0":{"name":"(anonymous_0)","decl":{"start":{"line":5,"column":18},"end":{"line":5,"column":19}},"loc":{"start":{"line":5,"column":93},"end":{"line":69,"column":1}},"line":5},"1":{"name":"(anonymous_1)","decl":{"start":{"line":7,"column":24},"end":{"line":7,"column":25}},"loc":{"start":{"line":7,"column":41},"end":{"line":29,"column":5}},"line":7},"2":{"name":"(anonymous_2)","decl":{"start":{"line":27,"column":23},"end":{"line":27,"column":24}},"loc":{"start":{"line":27,"column":29},"end":{"line":27,"column":49}},"line":27},"3":{"name":"(anonymous_3)","decl":{"start":{"line":46,"column":42},"end":{"line":46,"column":43}},"loc":{"start":{"line":46,"column":53},"end":{"line":46,"column":84}},"line":46},"4":{"name":"(anonymous_4)","decl":{"start":{"line":59,"column":42},"end":{"line":59,"column":43}},"loc":{"start":{"line":59,"column":53},"end":{"line":59,"column":84}},"line":59}},"branchMap":{},"s":{"0":0,"1":0,"2":0,"3":0,"4":0,"5":0,"6":0,"7":0,"8":0,"9":0,"10":0,"11":0,"12":0,"13":0,"14":0,"15":0,"16":0,"17":0},"f":{"0":0,"1":0,"2":0,"3":0,"4":0},"b":{}}
,"C:\\Git\\Fullstackopen-bloglist-frontend\\src\\components\\Notification.jsx": {"path":"C:\\Git\\Fullstackopen-bloglist-frontend\\src\\components\\Notification.jsx","statementMap":{"0":{"start":{"line":1,"column":21},"end":{"line":8,"column":1}},"1":{"start":{"line":3,"column":4},"end":{"line":7,"column":5}}},"fnMap":{"0":{"name":"(anonymous_0)","decl":{"start":{"line":1,"column":21},"end":{"line":1,"column":22}},"loc":{"start":{"line":1,"column":38},"end":{"line":8,"column":1}},"line":1}},"branchMap":{},"s":{"0":0,"1":0},"f":{"0":0},"b":{}}
,"C:\\Git\\Fullstackopen-bloglist-frontend\\src\\components\\Togglable.jsx": {"path":"C:\\Git\\Fullstackopen-bloglist-frontend\\src\\components\\Togglable.jsx","statementMap":{"0":{"start":{"line":5,"column":18},"end":{"line":32,"column":2}},"1":{"start":{"line":6,"column":34},"end":{"line":6,"column":49}},"2":{"start":{"line":8,"column":28},"end":{"line":8,"column":62}},"3":{"start":{"line":9,"column":28},"end":{"line":9,"column":62}},"4":{"start":{"line":11,"column":29},"end":{"line":13,"column":5}},"5":{"start":{"line":12,"column":8},"end":{"line":12,"column":28}},"6":{"start":{"line":15,"column":4},"end":{"line":19,"column":6}},"7":{"start":{"line":16,"column":8},"end":{"line":18,"column":9}},"8":{"start":{"line":21,"column":4},"end":{"line":31,"column":5}},"9":{"start":{"line":34,"column":0},"end":{"line":36,"column":1}},"10":{"start":{"line":38,"column":0},"end":{"line":38,"column":35}}},"fnMap":{"0":{"name":"(anonymous_0)","decl":{"start":{"line":5,"column":29},"end":{"line":5,"column":30}},"loc":{"start":{"line":5,"column":46},"end":{"line":32,"column":1}},"line":5},"1":{"name":"(anonymous_1)","decl":{"start":{"line":11,"column":29},"end":{"line":11,"column":30}},"loc":{"start":{"line":11,"column":35},"end":{"line":13,"column":5}},"line":11},"2":{"name":"(anonymous_2)","decl":{"start":{"line":15,"column":30},"end":{"line":15,"column":31}},"loc":{"start":{"line":15,"column":36},"end":{"line":19,"column":5}},"line":15}},"branchMap":{"0":{"loc":{"start":{"line":8,"column":39},"end":{"line":8,"column":60}},"type":"cond-expr","locations":[{"start":{"line":8,"column":49},"end":{"line":8,"column":55}},{"start":{"line":8,"column":58},"end":{"line":8,"column":60}}],"line":8},"1":{"loc":{"start":{"line":9,"column":39},"end":{"line":9,"column":60}},"type":"cond-expr","locations":[{"start":{"line":9,"column":49},"end":{"line":9,"column":51}},{"start":{"line":9,"column":54},"end":{"line":9,"column":60}}],"line":9}},"s":{"0":0,"1":0,"2":0,"3":0,"4":0,"5":0,"6":0,"7":0,"8":0,"9":0,"10":0},"f":{"0":0,"1":0,"2":0},"b":{"0":[0,0],"1":[0,0]}}
,"C:\\Git\\Fullstackopen-bloglist-frontend\\src\\components\\UserInfo.jsx": {"path":"C:\\Git\\Fullstackopen-bloglist-frontend\\src\\components\\UserInfo.jsx","statementMap":{"0":{"start":{"line":1,"column":17},"end":{"line":25,"column":1}},"1":{"start":{"line":3,"column":25},"end":{"line":6,"column":5}},"2":{"start":{"line":4,"column":8},"end":{"line":4,"column":60}},"3":{"start":{"line":5,"column":8},"end":{"line":5,"column":21}},"4":{"start":{"line":8,"column":4},"end":{"line":24,"column":5}},"5":{"start":{"line":10,"column":29},"end":{"line":16,"column":9}},"6":{"start":{"line":18,"column":8},"end":{"line":23,"column":9}}},"fnMap":{"0":{"name":"(anonymous_0)","decl":{"start":{"line":1,"column":17},"end":{"line":1,"column":18}},"loc":{"start":{"line":1,"column":40},"end":{"line":25,"column":1}},"line":1},"1":{"name":"(anonymous_1)","decl":{"start":{"line":3,"column":25},"end":{"line":3,"column":26}},"loc":{"start":{"line":3,"column":31},"end":{"line":6,"column":5}},"line":3}},"branchMap":{"0":{"loc":{"start":{"line":8,"column":4},"end":{"line":24,"column":5}},"type":"if","locations":[{"start":{"line":8,"column":4},"end":{"line":24,"column":5}},{"start":{},"end":{}}],"line":8}},"s":{"0":0,"1":0,"2":0,"3":0,"4":0,"5":0,"6":0},"f":{"0":0,"1":0},"b":{"0":[0,0]}}
,"C:\\Git\\Fullstackopen-bloglist-frontend\\src\\services\\blogsService.js": {"path":"C:\\Git\\Fullstackopen-bloglist-frontend\\src\\services\\blogsService.js","statementMap":{"0":{"start":{"line":2,"column":16},"end":{"line":2,"column":28}},"1":{"start":{"line":5,"column":12},"end":{"line":5,"column":16}},"2":{"start":{"line":7,"column":17},"end":{"line":10,"column":1}},"3":{"start":{"line":8,"column":2},"end":{"line":8,"column":30}},"4":{"start":{"line":9,"column":2},"end":{"line":9,"column":41}},"5":{"start":{"line":12,"column":15},"end":{"line":30,"column":1}},"6":{"start":{"line":13,"column":18},"end":{"line":13,"column":81}},"7":{"start":{"line":15,"column":2},"end":{"line":25,"column":4}},"8":{"start":{"line":16,"column":4},"end":{"line":18,"column":5}},"9":{"start":{"line":17,"column":6},"end":{"line":17,"column":14}},"10":{"start":{"line":19,"column":4},"end":{"line":21,"column":5}},"11":{"start":{"line":20,"column":6},"end":{"line":20,"column":15}},"12":{"start":{"line":24,"column":4},"end":{"line":24,"column":12}},"13":{"start":{"line":29,"column":2},"end":{"line":29,"column":21}},"14":{"start":{"line":32,"column":19},"end":{"line":48,"column":1}},"15":{"start":{"line":33,"column":18},"end":{"line":45,"column":3}},"16":{"start":{"line":46,"column":2},"end":{"line":46,"column":28}},"17":{"start":{"line":47,"column":2},"end":{"line":47,"column":21}},"18":{"start":{"line":50,"column":19},"end":{"line":63,"column":1}},"19":{"start":{"line":51,"column":2},"end":{"line":61,"column":3}},"20":{"start":{"line":52,"column":20},"end":{"line":58,"column":5}},"21":{"start":{"line":59,"column":4},"end":{"line":59,"column":30}},"22":{"start":{"line":60,"column":4},"end":{"line":60,"column":25}},"23":{"start":{"line":62,"column":2},"end":{"line":62,"column":13}},"24":{"start":{"line":65,"column":16},"end":{"line":81,"column":1}},"25":{"start":{"line":67,"column":21},"end":{"line":67,"column":25}},"26":{"start":{"line":68,"column":2},"end":{"line":68,"column":23}},"27":{"start":{"line":70,"column":18},"end":{"line":77,"column":3}},"28":{"start":{"line":79,"column":2},"end":{"line":79,"column":28}},"29":{"start":{"line":80,"column":2},"end":{"line":80,"column":21}}},"fnMap":{"0":{"name":"(anonymous_0)","decl":{"start":{"line":7,"column":17},"end":{"line":7,"column":18}},"loc":{"start":{"line":7,"column":29},"end":{"line":10,"column":1}},"line":7},"1":{"name":"(anonymous_1)","decl":{"start":{"line":12,"column":15},"end":{"line":12,"column":16}},"loc":{"start":{"line":12,"column":40},"end":{"line":30,"column":1}},"line":12},"2":{"name":"(anonymous_2)","decl":{"start":{"line":15,"column":20},"end":{"line":15,"column":21}},"loc":{"start":{"line":15,"column":30},"end":{"line":25,"column":3}},"line":15},"3":{"name":"(anonymous_3)","decl":{"start":{"line":32,"column":19},"end":{"line":32,"column":20}},"loc":{"start":{"line":32,"column":64},"end":{"line":48,"column":1}},"line":32},"4":{"name":"(anonymous_4)","decl":{"start":{"line":50,"column":19},"end":{"line":50,"column":20}},"loc":{"start":{"line":50,"column":48},"end":{"line":63,"column":1}},"line":50},"5":{"name":"(anonymous_5)","decl":{"start":{"line":65,"column":16},"end":{"line":65,"column":17}},"loc":{"start":{"line":65,"column":47},"end":{"line":81,"column":1}},"line":65}},"branchMap":{"0":{"loc":{"start":{"line":16,"column":4},"end":{"line":18,"column":5}},"type":"if","locations":[{"start":{"line":16,"column":4},"end":{"line":18,"column":5}},{"start":{},"end":{}}],"line":16},"1":{"loc":{"start":{"line":19,"column":4},"end":{"line":21,"column":5}},"type":"if","locations":[{"start":{"line":19,"column":4},"end":{"line":21,"column":5}},{"start":{},"end":{}}],"line":19},"2":{"loc":{"start":{"line":51,"column":2},"end":{"line":61,"column":3}},"type":"if","locations":[{"start":{"line":51,"column":2},"end":{"line":61,"column":3}},{"start":{},"end":{}}],"line":51}},"s":{"0":1,"1":1,"2":1,"3":0,"4":0,"5":1,"6":0,"7":0,"8":0,"9":0,"10":0,"11":0,"12":0,"13":0,"14":1,"15":0,"16":0,"17":0,"18":1,"19":0,"20":0,"21":0,"22":0,"23":0,"24":1,"25":0,"26":0,"27":0,"28":0,"29":0},"f":{"0":0,"1":0,"2":0,"3":0,"4":0,"5":0},"b":{"0":[0,0],"1":[0,0],"2":[0,0]},"_coverageSchema":"1a1c01bbd47fc00a2c39e90264f33305004495a9","hash":"26356b91d08f7ecd68014fd23438918ca01acdc5"}
,"C:\\Git\\Fullstackopen-bloglist-frontend\\src\\services\\loginService.js": {"path":"C:\\Git\\Fullstackopen-bloglist-frontend\\src\\services\\loginService.js","statementMap":{"0":{"start":{"line":2,"column":16},"end":{"line":2,"column":28}},"1":{"start":{"line":4,"column":14},"end":{"line":7,"column":1}},"2":{"start":{"line":5,"column":21},"end":{"line":5,"column":59}},"3":{"start":{"line":6,"column":4},"end":{"line":6,"column":24}}},"fnMap":{"0":{"name":"(anonymous_0)","decl":{"start":{"line":4,"column":14},"end":{"line":4,"column":15}},"loc":{"start":{"line":4,"column":35},"end":{"line":7,"column":1}},"line":4}},"branchMap":{},"s":{"0":0,"1":0,"2":0,"3":0},"f":{"0":0},"b":{}}
}
